<?xml version="1.0" encoding="UTF-8" ?>
<testsuite errors="0" failures="0" hostname="XUBUNTU22-0007" name="upnadirect.ClienteTest" skipped="0" tests="2" time="0.226" timestamp="2024-12-18T14:48:58">
  <properties>
[...]
</properties>
  <testcase classname="upnadirect.ClienteTest" name="testValidarClienteSalario" time="0.004" />
  <testcase classname="upnadirect.ClienteTest" name="testValidarClienteAnioNacimiento" time="0.0" />
  <system-out><![CDATA[]]></system-out>
  <system-err><![CDATA[]]></system-err>
</testsuite>
